<?xml version="1.0" encoding="UTF-8"?>
<!-- Generated by org.testng.reporters.JUnitReportReporter -->
<testsuite hostname="ThatLostLove" failures="0" tests="1" name="com.qa.orangehrm.tests.firstTests.FirstTest" time="1.936" errors="0" timestamp="2023-07-06T20:04:34 IST" skipped="0">
  <testcase classname="com.qa.orangehrm.tests.firstTests.FirstTest" name="fisrtTest" time="1.936"/>
  <system-out/>
</testsuite> <!-- com.qa.orangehrm.tests.firstTests.FirstTest -->
