<?xml version="1.0" encoding="UTF-8"?>
<!-- Generated by org.testng.reporters.JUnitReportReporter -->
<testsuite hostname="ThatLostLove" failures="0" tests="2" name="com.qa.orangehrm.tests.adminPage.AdminPageTests" time="3.991" errors="0" timestamp="2023-09-25T20:23:43 IST" skipped="0">
  <testcase classname="com.qa.orangehrm.tests.adminPage.AdminPageTests" name="doSearchByUserNameTest" time="3.520"/>
  <testcase classname="com.qa.orangehrm.tests.adminPage.AdminPageTests" name="verifySkillsByDescription" time="0.471"/>
</testsuite> <!-- com.qa.orangehrm.tests.adminPage.AdminPageTests -->
