<?xml version="1.0" encoding="UTF-8"?>
<!-- Generated by org.testng.reporters.JUnitReportReporter -->
<testsuite hostname="ThatLostLove" failures="0" tests="3" name="com.qa.herokuapp.tests.FirstNonParalellTest" time="0.005" errors="0" timestamp="2023-07-06T18:45:12 IST" skipped="0">
  <testcase classname="com.qa.herokuapp.tests.FirstNonParalellTest" name="fisrtTest_01" time="0.002"/>
  <system-out/>
  <testcase classname="com.qa.herokuapp.tests.FirstNonParalellTest" name="fisrtTest_03" time="0.001"/>
  <system-out/>
  <testcase classname="com.qa.herokuapp.tests.FirstNonParalellTest" name="fisrtTest_02" time="0.002"/>
  <system-out/>
</testsuite> <!-- com.qa.herokuapp.tests.FirstNonParalellTest -->
