<?xml version="1.0" encoding="UTF-8"?>
<!-- Generated by org.testng.reporters.JUnitReportReporter -->
<testsuite hostname="ThatLostLove" failures="0" tests="4" name="com.qa.orangehrm.tests.login.LoginPageTests" time="13.483" errors="0" timestamp="2023-07-06T22:39:17 IST" skipped="0">
  <testcase classname="com.qa.orangehrm.tests.login.LoginPageTests" name="loginPageTitleTest" time="0.037"/>
  <system-out/>
  <testcase classname="com.qa.orangehrm.tests.login.LoginPageTests" name="doLoginTest" time="6.705"/>
  <system-out/>
  <testcase classname="com.qa.orangehrm.tests.login.LoginPageTests" name="doLoginTest" time="6.702"/>
  <system-out/>
  <testcase classname="com.qa.orangehrm.tests.login.LoginPageTests" name="loginPageTitleTest" time="0.039"/>
  <system-out/>
</testsuite> <!-- com.qa.orangehrm.tests.login.LoginPageTests -->
