<?xml version="1.0" encoding="UTF-8"?>
<!-- Generated by org.testng.reporters.JUnitReportReporter -->
<testsuite hostname="ThatLostLove" failures="0" tests="1" name="com.qa.herokuapp.tests.firstTests.FirstTest" time="1.385" errors="0" timestamp="2023-07-06T19:26:21 IST" skipped="0">
  <testcase classname="com.qa.herokuapp.tests.firstTests.FirstTest" name="fisrtTest" time="1.385"/>
  <system-out/>
</testsuite> <!-- com.qa.herokuapp.tests.firstTests.FirstTest -->
