<?xml version="1.0" encoding="UTF-8"?>
<!-- Generated by org.testng.reporters.JUnitReportReporter -->
<testsuite hostname="ThatLostLove" failures="0" tests="1" name="com.qa.herokuapp.tests.FirstTest" time="1.368" errors="0" timestamp="2023-07-06T19:16:06 IST" skipped="0">
  <testcase classname="com.qa.herokuapp.tests.FirstTest" name="fisrtTest" time="1.368"/>
  <system-out/>
</testsuite> <!-- com.qa.herokuapp.tests.FirstTest -->
